INFO [2026-04-28 15:57:40] $x
INFO [2026-04-28 15:57:40] sets
INFO [2026-04-28 15:57:40] 
INFO [2026-04-28 15:57:40] $filename
INFO [2026-04-28 15:57:40] NULL
INFO [2026-04-28 15:57:40] 
INFO [2026-04-28 15:57:40] $fill
INFO [2026-04-28 15:57:40] c("#e41a1c", "#377eb8", "#4daf4a", "#984ea3", "#ff7f00")
INFO [2026-04-28 15:57:40] 
INFO [2026-04-28 15:57:40] $alpha
INFO [2026-04-28 15:57:40] [1] 0.5
INFO [2026-04-28 15:57:40] 
INFO [2026-04-28 15:57:40] $cex
INFO [2026-04-28 15:57:40] [1] 1.2
INFO [2026-04-28 15:57:40] 
INFO [2026-04-28 15:57:40] $cat.cex
INFO [2026-04-28 15:57:40] [1] 1.1
INFO [2026-04-28 15:57:40] 
INFO [2026-04-28 15:57:40] $cat.dist
INFO [2026-04-28 15:57:40] [1] 0.05
INFO [2026-04-28 15:57:40] 
INFO [2026-04-28 15:57:40] $margin
INFO [2026-04-28 15:57:40] [1] 0.1
INFO [2026-04-28 15:57:40] 
