INFO [2026-04-28 15:57:04] $x
INFO [2026-04-28 15:57:04] sets
INFO [2026-04-28 15:57:04] 
INFO [2026-04-28 15:57:04] $filename
INFO [2026-04-28 15:57:04] NULL
INFO [2026-04-28 15:57:04] 
INFO [2026-04-28 15:57:04] $fill
INFO [2026-04-28 15:57:04] c("#e41a1c", "#377eb8", "#4daf4a", "#984ea3", "#ff7f00")
INFO [2026-04-28 15:57:04] 
INFO [2026-04-28 15:57:04] $alpha
INFO [2026-04-28 15:57:04] [1] 0.5
INFO [2026-04-28 15:57:04] 
INFO [2026-04-28 15:57:04] $cex
INFO [2026-04-28 15:57:04] [1] 1.2
INFO [2026-04-28 15:57:04] 
INFO [2026-04-28 15:57:04] $cat.cex
INFO [2026-04-28 15:57:04] [1] 1.1
INFO [2026-04-28 15:57:04] 
INFO [2026-04-28 15:57:04] $cat.dist
INFO [2026-04-28 15:57:04] [1] 0.05
INFO [2026-04-28 15:57:04] 
INFO [2026-04-28 15:57:04] $margin
INFO [2026-04-28 15:57:04] [1] 0.1
INFO [2026-04-28 15:57:04] 
